# JRE version: OpenJDK Runtime Environment 18.9 (11.0.11+9) (build 11.0.11+9)
# Java VM: OpenJDK 64-Bit Server VM 18.9 (11.0.11+9, mixed mode, tiered, compressed oops, g1 gc, windows-amd64)
Heap:
 garbage-first heap   total 378880K, used 229619K [0x0000000740000000, 0x0000000800000000)
  region size 1024K, 57 young (58368K), 1 survivors (1024K)
 Metaspace       used 96038K, capacity 97133K, committed 101680K, reserved 1138688K
  class space    used 11454K, capacity 11888K, committed 13440K, reserved 1048576K
GC Heap History (20 events):
Event: 38258.445 GC heap before
{Heap before GC invocations=1474 (full 563):
 garbage-first heap   total 378880K, used 227051K [0x0000000740000000, 0x0000000800000000)
  region size 1024K, 60 young (61440K), 3 survivors (3072K)
 Metaspace       used 95916K, capacity 96976K, committed 101424K, reserved 1136640K
  class space    used 11435K, capacity 11856K, committed 13440K, reserved 1048576K
}
Event: 38258.452 GC heap after
{Heap after GC invocations=1475 (full 563):
 garbage-first heap   total 378880K, used 168321K [0x0000000740000000, 0x0000000800000000)
  region size 1024K, 2 young (2048K), 2 survivors (2048K)
 Metaspace       used 95916K, capacity 96976K, committed 101424K, reserved 1136640K
  class space    used 11435K, capacity 11856K, committed 13440K, reserved 1048576K
}
Event: 38259.127 GC heap before
{Heap before GC invocations=1475 (full 563):
 garbage-first heap   total 378880K, used 227713K [0x0000000740000000, 0x0000000800000000)
  region size 1024K, 60 young (61440K), 2 survivors (2048K)
 Metaspace       used 95916K, capacity 96976K, committed 101424K, reserved 1136640K
  class space    used 11435K, capacity 11856K, committed 13440K, reserved 1048576K
}
Event: 38259.129 GC heap after
{Heap after GC invocations=1476 (full 563):
 garbage-first heap   total 378880K, used 168337K [0x0000000740000000, 0x0000000800000000)
  region size 1024K, 2 young (2048K), 2 survivors (2048K)
 Metaspace       used 95916K, capacity 96976K, committed 101424K, reserved 1136640K
  class space    used 11435K, capacity 11856K, committed 13440K, reserved 1048576K
}
Event: 38260.961 GC heap before
{Heap before GC invocations=1476 (full 563):
 garbage-first heap   total 378880K, used 227729K [0x0000000740000000, 0x0000000800000000)
  region size 1024K, 60 young (61440K), 2 survivors (2048K)
 Metaspace       used 95925K, capacity 96976K, committed 101424K, reserved 1136640K
  class space    used 11435K, capacity 11856K, committed 13440K, reserved 1048576K
}
Event: 38260.964 GC heap after
{Heap after GC invocations=1477 (full 563):
 garbage-first heap   total 378880K, used 168360K [0x0000000740000000, 0x0000000800000000)
  region size 1024K, 2 young (2048K), 2 survivors (2048K)
 Metaspace       used 95925K, capacity 96976K, committed 101424K, reserved 1136640K
  class space    used 11435K, capacity 11856K, committed 13440K, reserved 1048576K
}
Event: 38263.096 GC heap before
{Heap before GC invocations=1477 (full 563):
 garbage-first heap   total 378880K, used 227752K [0x0000000740000000, 0x0000000800000000)
  region size 1024K, 60 young (61440K), 2 survivors (2048K)
 Metaspace       used 95925K, capacity 96976K, committed 101424K, reserved 1136640K
  class space    used 11435K, capacity 11856K, committed 13440K, reserved 1048576K
}
Event: 38263.098 GC heap after
{Heap after GC invocations=1478 (full 563):
 garbage-first heap   total 378880K, used 168326K [0x0000000740000000, 0x0000000800000000)
  region size 1024K, 2 young (2048K), 2 survivors (2048K)
 Metaspace       used 95925K, capacity 96976K, committed 101424K, reserved 1136640K
  class space    used 11435K, capacity 11856K, committed 13440K, reserved 1048576K
}
Event: 38264.504 GC heap before
{Heap before GC invocations=1478 (full 563):
 garbage-first heap   total 378880K, used 227718K [0x0000000740000000, 0x0000000800000000)
  region size 1024K, 60 young (61440K), 2 survivors (2048K)
 Metaspace       used 95938K, capacity 96976K, committed 101424K, reserved 1136640K
  class space    used 11435K, capacity 11856K, committed 13440K, reserved 1048576K
}
Event: 38264.508 GC heap after
{Heap after GC invocations=1479 (full 563):
 garbage-first heap   total 378880K, used 172017K [0x0000000740000000, 0x0000000800000000)
  region size 1024K, 6 young (6144K), 6 survivors (6144K)
 Metaspace       used 95938K, capacity 96976K, committed 101424K, reserved 1136640K
  class space    used 11435K, capacity 11856K, committed 13440K, reserved 1048576K
}
Event: 38264.868 GC heap before
{Heap before GC invocations=1479 (full 563):
 garbage-first heap   total 378880K, used 224241K [0x0000000740000000, 0x0000000800000000)
  region size 1024K, 56 young (57344K), 6 survivors (6144K)
 Metaspace       used 95952K, capacity 97041K, committed 101680K, reserved 1138688K
  class space    used 11435K, capacity 11856K, committed 13440K, reserved 1048576K
}
Event: 38264.901 GC heap after
{Heap after GC invocations=1480 (full 563):
 garbage-first heap   total 378880K, used 175877K [0x0000000740000000, 0x0000000800000000)
  region size 1024K, 7 young (7168K), 7 survivors (7168K)
 Metaspace       used 95952K, capacity 97041K, committed 101680K, reserved 1138688K
  class space    used 11435K, capacity 11856K, committed 13440K, reserved 1048576K
}
Event: 38264.971 GC heap before
{Heap before GC invocations=1480 (full 563):
 garbage-first heap   total 378880K, used 180997K [0x0000000740000000, 0x0000000800000000)
  region size 1024K, 11 young (11264K), 7 survivors (7168K)
 Metaspace       used 95952K, capacity 97041K, committed 101680K, reserved 1138688K
  class space    used 11435K, capacity 11856K, committed 13440K, reserved 1048576K
}
Event: 38265.108 GC heap after
{Heap after GC invocations=1481 (full 564):
 garbage-first heap   total 378880K, used 172739K [0x0000000740000000, 0x0000000800000000)
  region size 1024K, 0 young (0K), 0 survivors (0K)
 Metaspace       used 95952K, capacity 97041K, committed 101680K, reserved 1138688K
  class space    used 11435K, capacity 11856K, committed 13440K, reserved 1048576K
}
Event: 38270.938 GC heap before
{Heap before GC invocations=1481 (full 564):
 garbage-first heap   total 378880K, used 234179K [0x0000000740000000, 0x0000000800000000)
  region size 1024K, 60 young (61440K), 0 survivors (0K)
 Metaspace       used 95954K, capacity 97041K, committed 101680K, reserved 1138688K
  class space    used 11435K, capacity 11856K, committed 13440K, reserved 1048576K
}
Event: 38270.941 GC heap after
{Heap after GC invocations=1482 (full 564):
 garbage-first heap   total 378880K, used 173763K [0x0000000740000000, 0x0000000800000000)
  region size 1024K, 1 young (1024K), 1 survivors (1024K)
 Metaspace       used 95954K, capacity 97041K, committed 101680K, reserved 1138688K
  class space    used 11435K, capacity 11856K, committed 13440K, reserved 1048576K
}
Event: 38273.114 GC heap before
{Heap before GC invocations=1482 (full 564):
 garbage-first heap   total 378880K, used 234179K [0x0000000740000000, 0x0000000800000000)
  region size 1024K, 60 young (61440K), 1 survivors (1024K)
 Metaspace       used 96028K, capacity 97133K, committed 101680K, reserved 1138688K
  class space    used 11453K, capacity 11888K, committed 13440K, reserved 1048576K
}
Event: 38273.116 GC heap after
{Heap after GC invocations=1483 (full 564):
 garbage-first heap   total 378880K, used 173256K [0x0000000740000000, 0x0000000800000000)
  region size 1024K, 1 young (1024K), 1 survivors (1024K)
 Metaspace       used 96028K, capacity 97133K, committed 101680K, reserved 1138688K
  class space    used 11453K, capacity 11888K, committed 13440K, reserved 1048576K
}
Event: 38276.282 GC heap before
{Heap before GC invocations=1484 (full 564):
 garbage-first heap   total 378880K, used 233672K [0x0000000740000000, 0x0000000800000000)
  region size 1024K, 60 young (61440K), 1 survivors (1024K)
 Metaspace       used 96035K, capacity 97133K, committed 101680K, reserved 1138688K
  class space    used 11454K, capacity 11888K, committed 13440K, reserved 1048576K
}
Event: 38276.287 GC heap after
{Heap after GC invocations=1485 (full 564):
 garbage-first heap   total 378880K, used 173299K [0x0000000740000000, 0x0000000800000000)
  region size 1024K, 1 young (1024K), 1 survivors (1024K)
 Metaspace       used 96035K, capacity 97133K, committed 101680K, reserved 1138688K
  class space    used 11454K, capacity 11888K, committed 13440K, reserved 1048576K
}

